2023-04-09 11:25:23.003 INFO  (main) [] o.e.j.s.Server jetty-10.0.13; built: 2022-12-07T20:13:20.134Z; git: 1c2636ea05c0ca8de1ffd6ca7f3a98ac084c766d; jvm 11.0.12+7
2023-04-09 11:25:23.492 WARN  (main) [] o.e.j.u.DeprecationWarning Using @Deprecated Class org.eclipse.jetty.servlet.listener.ELContextCleaner
2023-04-09 11:25:23.532 INFO  (main) [] o.a.s.s.CoreContainerProvider Using logger factory org.apache.logging.slf4j.Log4jLoggerFactory
2023-04-09 11:25:23.541 INFO  (main) [] o.a.s.s.CoreContainerProvider  ___      _       Welcome to Apache Solr™ version 9.2.0
2023-04-09 11:25:23.541 INFO  (main) [] o.a.s.s.CoreContainerProvider / __| ___| |_ _   Starting in standalone mode on port 8983
2023-04-09 11:25:23.541 INFO  (main) [] o.a.s.s.CoreContainerProvider \__ \/ _ \ | '_|  Install dir: /Users/josephinehemingway/Desktop/solr-9.2.0
2023-04-09 11:25:23.541 INFO  (main) [] o.a.s.s.CoreContainerProvider |___/\___/_|_|    Start time: 2023-04-09T11:25:23.541472Z
2023-04-09 11:25:23.544 INFO  (main) [] o.a.s.s.CoreContainerProvider Solr started with "-XX:+CrashOnOutOfMemoryError" that will crash on any OutOfMemoryError exception. The cause of the OOME will be logged in the crash file at the following path: /Users/josephinehemingway/Desktop/solr-9.2.0/server/logs/jvm_crash_2548.log
2023-04-09 11:25:23.558 INFO  (main) [] o.a.s.s.CoreContainerProvider Solr Home: /Users/josephinehemingway/Desktop/solr-9.2.0/server/solr (source: system property: solr.solr.home)
2023-04-09 11:25:23.560 INFO  (main) [] o.a.s.c.SolrXmlConfig Loading solr.xml from /Users/josephinehemingway/Desktop/solr-9.2.0/server/solr/solr.xml
2023-04-09 11:25:23.651 INFO  (main) [] o.a.s.c.SolrResourceLoader Added 1 libs to classloader, from paths: [/Users/josephinehemingway/Desktop/solr-9.2.0/lib]
2023-04-09 11:25:24.957 WARN  (main) [] o.a.s.u.StartupLoggingUtils Jetty request logging enabled. Will retain logs for last 3 days. See chapter "Configuring Logging" in reference guide for how to configure.
2023-04-09 11:25:24.960 WARN  (main) [] o.a.s.c.CoreContainer Not all security plugins configured!  authentication=disabled authorization=disabled.  Solr is only as secure as you make it. Consider configuring authentication/authorization before exposing Solr to users internal or external.  See https://s.apache.org/solrsecurity for more info
2023-04-09 11:25:25.212 INFO  (main) [] o.a.s.c.CorePropertiesLocator Found 3 core definitions underneath /Users/josephinehemingway/Desktop/solr-9.2.0/server/solr
2023-04-09 11:25:25.212 INFO  (main) [] o.a.s.c.CorePropertiesLocator Cores are: [elonsearch_cmts, elonsearch, tech_products]
2023-04-09 11:25:25.262 INFO  (coreLoadExecutor-10-thread-2) [ x:elonsearch] o.a.s.c.SolrConfig Using Lucene MatchVersion: 9.4.0
2023-04-09 11:25:25.262 INFO  (coreLoadExecutor-10-thread-1) [ x:elonsearch_cmts] o.a.s.c.SolrConfig Using Lucene MatchVersion: 9.4.0
2023-04-09 11:25:25.276 INFO  (coreLoadExecutor-10-thread-3) [ x:tech_products] o.a.s.c.SolrResourceLoader Added 88 libs to classloader, from paths: [/Users/josephinehemingway/Desktop/solr-9.2.0/modules/clustering/lib, /Users/josephinehemingway/Desktop/solr-9.2.0/modules/extraction/lib, /Users/josephinehemingway/Desktop/solr-9.2.0/modules/langid/lib, /Users/josephinehemingway/Desktop/solr-9.2.0/modules/ltr/lib, /Users/josephinehemingway/Desktop/solr-9.2.0/modules/scripting/lib]
2023-04-09 11:25:25.373 INFO  (coreLoadExecutor-10-thread-2) [ x:elonsearch] o.a.s.s.IndexSchema Schema name=default-config
2023-04-09 11:25:25.373 INFO  (coreLoadExecutor-10-thread-1) [ x:elonsearch_cmts] o.a.s.s.IndexSchema Schema name=default-config
2023-04-09 11:25:25.440 INFO  (coreLoadExecutor-10-thread-3) [ x:tech_products] o.a.s.c.SolrConfig Using Lucene MatchVersion: 9.4.0
2023-04-09 11:25:25.441 INFO  (coreLoadExecutor-10-thread-3) [ x:tech_products] o.a.s.u.SolrIndexConfig IndexWriter infoStream solr logging is enabled
2023-04-09 11:25:25.453 INFO  (coreLoadExecutor-10-thread-3) [ x:tech_products] o.a.s.s.IndexSchema Schema name=example
2023-04-09 11:25:25.723 INFO  (coreLoadExecutor-10-thread-3) [ x:tech_products] o.a.s.r.RestManager Registered ManagedResource impl org.apache.solr.rest.schema.analysis.ManagedWordSetResource for path /schema/analysis/stopwords/english
2023-04-09 11:25:25.724 INFO  (coreLoadExecutor-10-thread-3) [ x:tech_products] o.a.s.r.RestManager Registered ManagedResource impl org.apache.solr.rest.schema.analysis.ManagedSynonymGraphFilterFactory$SynonymManager for path /schema/analysis/synonyms/english
2023-04-09 11:25:25.724 INFO  (coreLoadExecutor-10-thread-3) [ x:tech_products] o.a.s.r.RestManager Added observer of type org.apache.solr.rest.schema.analysis.ManagedStopFilterFactory to existing ManagedResource /schema/analysis/stopwords/english
2023-04-09 11:25:25.724 INFO  (coreLoadExecutor-10-thread-3) [ x:tech_products] o.a.s.r.RestManager Added observer of type org.apache.solr.rest.schema.analysis.ManagedSynonymGraphFilterFactory to existing ManagedResource /schema/analysis/synonyms/english
2023-04-09 11:25:25.735 INFO  (coreLoadExecutor-10-thread-3) [ x:tech_products] o.a.s.s.IndexSchema Loaded schema example/1.6 with uniqueid field id
2023-04-09 11:25:25.735 INFO  (coreLoadExecutor-10-thread-2) [ x:elonsearch] o.a.s.s.IndexSchema Loaded schema default-config/1.6 with uniqueid field id
2023-04-09 11:25:25.735 INFO  (coreLoadExecutor-10-thread-1) [ x:elonsearch_cmts] o.a.s.s.IndexSchema Loaded schema default-config/1.6 with uniqueid field id
2023-04-09 11:25:25.735 INFO  (coreLoadExecutor-10-thread-2) [ x:elonsearch] o.a.s.c.CoreContainer Creating SolrCore 'elonsearch' using configuration from instancedir /Users/josephinehemingway/Desktop/solr-9.2.0/server/solr/elonsearch, trusted=true
2023-04-09 11:25:25.735 INFO  (coreLoadExecutor-10-thread-1) [ x:elonsearch_cmts] o.a.s.c.CoreContainer Creating SolrCore 'elonsearch_cmts' using configuration from instancedir /Users/josephinehemingway/Desktop/solr-9.2.0/server/solr/elonsearch_cmts, trusted=true
2023-04-09 11:25:25.782 INFO  (coreLoadExecutor-10-thread-3) [ x:tech_products] o.a.s.c.CoreContainer Creating SolrCore 'tech_products' using configuration from instancedir /Users/josephinehemingway/Desktop/solr-9.2.0/server/solr/configsets/sample_techproducts_configs, trusted=true
2023-04-09 11:25:25.798 INFO  (main) [] o.a.s.j.SolrRequestAuthorizer Creating a new SolrRequestAuthorizer
2023-04-09 11:25:25.802 INFO  (coreLoadExecutor-10-thread-1) [ x:elonsearch_cmts] o.a.s.c.SolrCore Opening new SolrCore at [/Users/josephinehemingway/Desktop/solr-9.2.0/server/solr/elonsearch_cmts], dataDir=[/Users/josephinehemingway/Desktop/solr-9.2.0/server/solr/elonsearch_cmts/data/]
2023-04-09 11:25:25.802 INFO  (coreLoadExecutor-10-thread-2) [ x:elonsearch] o.a.s.c.SolrCore Opening new SolrCore at [/Users/josephinehemingway/Desktop/solr-9.2.0/server/solr/elonsearch], dataDir=[/Users/josephinehemingway/Desktop/solr-9.2.0/server/solr/elonsearch/data/]
2023-04-09 11:25:25.802 INFO  (coreLoadExecutor-10-thread-3) [ x:tech_products] o.a.s.c.SolrCore Opening new SolrCore at [/Users/josephinehemingway/Desktop/solr-9.2.0/server/solr/configsets/sample_techproducts_configs], dataDir=[/Users/josephinehemingway/Desktop/solr-9.2.0/server/solr/configsets/sample_techproducts_configs/data/]
2023-04-09 11:25:25.941 INFO  (main) [] o.e.j.s.h.ContextHandler Started o.e.j.w.WebAppContext@7a94b64e{solr-jetty-context.xml,/solr,file:///Users/josephinehemingway/Desktop/solr-9.2.0/server/solr-webapp/webapp/,AVAILABLE}{/Users/josephinehemingway/Desktop/solr-9.2.0/server/solr-webapp/webapp}
2023-04-09 11:25:25.959 INFO  (main) [] o.e.j.s.RequestLogWriter Opened /Users/josephinehemingway/Desktop/solr-9.2.0/server/logs/2023_04_09.request.log
2023-04-09 11:25:25.966 INFO  (main) [] o.e.j.s.AbstractConnector Started ServerConnector@36ac8a63{HTTP/1.1, (http/1.1, h2c)}{127.0.0.1:8983}
2023-04-09 11:25:25.968 INFO  (main) [] o.e.j.s.Server Started Server@315df4bb{STARTING}[10.0.13,sto=0] @35151ms
2023-04-09 11:25:26.407 INFO  (coreLoadExecutor-10-thread-3) [ x:tech_products] o.a.s.j.SolrRequestAuthorizer Creating a new SolrRequestAuthorizer
2023-04-09 11:25:26.425 INFO  (coreLoadExecutor-10-thread-3) [ x:tech_products] o.a.s.u.UpdateHandler Using UpdateLog implementation: org.apache.solr.update.UpdateLog
2023-04-09 11:25:26.425 INFO  (coreLoadExecutor-10-thread-3) [ x:tech_products] o.a.s.u.UpdateLog Initializing UpdateLog: dataDir= defaultSyncLevel=FLUSH numRecordsToKeep=100 maxNumLogsToKeep=10 numVersionBuckets=65536
2023-04-09 11:25:26.447 INFO  (coreLoadExecutor-10-thread-2) [ x:elonsearch] o.a.s.j.SolrRequestAuthorizer Creating a new SolrRequestAuthorizer
2023-04-09 11:25:26.447 INFO  (coreLoadExecutor-10-thread-1) [ x:elonsearch_cmts] o.a.s.j.SolrRequestAuthorizer Creating a new SolrRequestAuthorizer
2023-04-09 11:25:26.450 INFO  (coreLoadExecutor-10-thread-2) [ x:elonsearch] o.a.s.u.UpdateHandler Using UpdateLog implementation: org.apache.solr.update.UpdateLog
2023-04-09 11:25:26.450 INFO  (coreLoadExecutor-10-thread-1) [ x:elonsearch_cmts] o.a.s.u.UpdateHandler Using UpdateLog implementation: org.apache.solr.update.UpdateLog
2023-04-09 11:25:26.450 INFO  (coreLoadExecutor-10-thread-2) [ x:elonsearch] o.a.s.u.UpdateLog Initializing UpdateLog: dataDir= defaultSyncLevel=FLUSH numRecordsToKeep=100 maxNumLogsToKeep=10 numVersionBuckets=65536
2023-04-09 11:25:26.450 INFO  (coreLoadExecutor-10-thread-1) [ x:elonsearch_cmts] o.a.s.u.UpdateLog Initializing UpdateLog: dataDir= defaultSyncLevel=FLUSH numRecordsToKeep=100 maxNumLogsToKeep=10 numVersionBuckets=65536
2023-04-09 11:25:26.451 INFO  (coreLoadExecutor-10-thread-3) [ x:tech_products] o.a.s.u.CommitTracker Hard AutoCommit: if uncommitted for 15000ms; 
2023-04-09 11:25:26.453 INFO  (coreLoadExecutor-10-thread-3) [ x:tech_products] o.a.s.u.CommitTracker Soft AutoCommit: disabled
2023-04-09 11:25:26.465 INFO  (coreLoadExecutor-10-thread-2) [ x:elonsearch] o.a.s.u.CommitTracker Hard AutoCommit: if uncommitted for 15000ms; 
2023-04-09 11:25:26.465 INFO  (coreLoadExecutor-10-thread-2) [ x:elonsearch] o.a.s.u.CommitTracker Soft AutoCommit: disabled
2023-04-09 11:25:26.465 INFO  (coreLoadExecutor-10-thread-1) [ x:elonsearch_cmts] o.a.s.u.CommitTracker Hard AutoCommit: if uncommitted for 15000ms; 
2023-04-09 11:25:26.465 INFO  (coreLoadExecutor-10-thread-1) [ x:elonsearch_cmts] o.a.s.u.CommitTracker Soft AutoCommit: disabled
2023-04-09 11:25:26.638 INFO  (coreLoadExecutor-10-thread-3) [ x:tech_products] o.a.s.r.ManagedResourceStorage File-based storage initialized to use dir: /Users/josephinehemingway/Desktop/solr-9.2.0/server/solr/configsets/sample_techproducts_configs/conf
2023-04-09 11:25:26.638 INFO  (coreLoadExecutor-10-thread-2) [ x:elonsearch] o.a.s.r.ManagedResourceStorage File-based storage initialized to use dir: /Users/josephinehemingway/Desktop/solr-9.2.0/server/solr/elonsearch/conf
2023-04-09 11:25:26.638 INFO  (coreLoadExecutor-10-thread-1) [ x:elonsearch_cmts] o.a.s.r.ManagedResourceStorage File-based storage initialized to use dir: /Users/josephinehemingway/Desktop/solr-9.2.0/server/solr/elonsearch_cmts/conf
2023-04-09 11:25:26.641 INFO  (coreLoadExecutor-10-thread-3) [ x:tech_products] o.a.s.r.ManagedResourceStorage Loaded LinkedHashMap at path _rest_managed.json using file:dir=/Users/josephinehemingway/Desktop/solr-9.2.0/server/solr/configsets/sample_techproducts_configs/conf
2023-04-09 11:25:26.641 INFO  (coreLoadExecutor-10-thread-3) [ x:tech_products] o.a.s.r.ManagedResource Loaded initArgs {} for /rest/managed
2023-04-09 11:25:26.642 INFO  (coreLoadExecutor-10-thread-3) [ x:tech_products] o.a.s.r.ManagedResourceStorage Loaded LinkedHashMap at path _schema_analysis_stopwords_english.json using file:dir=/Users/josephinehemingway/Desktop/solr-9.2.0/server/solr/configsets/sample_techproducts_configs/conf
2023-04-09 11:25:26.642 INFO  (coreLoadExecutor-10-thread-3) [ x:tech_products] o.a.s.r.ManagedResource Loaded initArgs {ignoreCase=true} for /schema/analysis/stopwords/english
2023-04-09 11:25:26.643 INFO  (coreLoadExecutor-10-thread-3) [ x:tech_products] o.a.s.r.s.a.ManagedWordSetResource Loaded 35 words for /schema/analysis/stopwords/english
2023-04-09 11:25:26.643 INFO  (coreLoadExecutor-10-thread-3) [ x:tech_products] o.a.s.r.ManagedResource Notified 2 observers of /schema/analysis/stopwords/english
2023-04-09 11:25:26.644 INFO  (coreLoadExecutor-10-thread-3) [ x:tech_products] o.a.s.r.ManagedResourceStorage Loaded LinkedHashMap at path _schema_analysis_synonyms_english.json using file:dir=/Users/josephinehemingway/Desktop/solr-9.2.0/server/solr/configsets/sample_techproducts_configs/conf
2023-04-09 11:25:26.644 INFO  (coreLoadExecutor-10-thread-3) [ x:tech_products] o.a.s.r.ManagedResource Loaded initArgs {ignoreCase=true, format=solr} for /schema/analysis/synonyms/english
2023-04-09 11:25:26.645 INFO  (coreLoadExecutor-10-thread-3) [ x:tech_products] o.a.s.r.s.a.ManagedSynonymGraphFilterFactory Loaded 3 synonym mappings for /schema/analysis/synonyms/english
2023-04-09 11:25:26.646 INFO  (coreLoadExecutor-10-thread-3) [ x:tech_products] o.a.s.r.ManagedResource Notified 2 observers of /schema/analysis/synonyms/english
2023-04-09 11:25:26.663 INFO  (coreLoadExecutor-10-thread-3) [ x:tech_products] o.a.s.s.DirectSolrSpellChecker init: {name=default, field=text, classname=solr.DirectSolrSpellChecker, distanceMeasure=internal, accuracy=0.5, maxQueryFrequency=0.01, maxEdits=2, minPrefix=1, maxInspections=5, minQueryLength=4}
2023-04-09 11:25:26.663 INFO  (coreLoadExecutor-10-thread-1) [ x:elonsearch_cmts] o.a.s.s.DirectSolrSpellChecker init: {name=default, field=_text_, classname=solr.DirectSolrSpellChecker, distanceMeasure=internal, accuracy=0.5, maxQueryFrequency=0.01, maxEdits=2, minPrefix=1, maxInspections=5, minQueryLength=4}
2023-04-09 11:25:26.663 INFO  (coreLoadExecutor-10-thread-2) [ x:elonsearch] o.a.s.s.DirectSolrSpellChecker init: {name=default, field=text, classname=solr.DirectSolrSpellChecker, distanceMeasure=internal, accuracy=0.5, maxQueryFrequency=0.01, maxEdits=2, minPrefix=1, maxInspections=5, minQueryLength=4}
2023-04-09 11:25:26.671 INFO  (coreLoadExecutor-10-thread-3) [ x:tech_products] o.a.s.h.c.SuggestComponent Initializing SuggestComponent
2023-04-09 11:25:26.674 INFO  (coreLoadExecutor-10-thread-3) [ x:tech_products] o.a.s.s.s.SolrSuggester init: {name=mySuggester, lookupImpl=FuzzyLookupFactory, dictionaryImpl=DocumentDictionaryFactory, field=cat, weightField=price, suggestAnalyzerFieldType=string, buildOnStartup=false}
2023-04-09 11:25:26.675 INFO  (coreLoadExecutor-10-thread-2) [ x:elonsearch] o.a.s.h.ReplicationHandler Commits will be reserved for 10000 ms
2023-04-09 11:25:26.675 INFO  (coreLoadExecutor-10-thread-1) [ x:elonsearch_cmts] o.a.s.h.ReplicationHandler Commits will be reserved for 10000 ms
2023-04-09 11:25:26.689 INFO  (coreLoadExecutor-10-thread-3) [ x:tech_products] o.a.s.s.s.SolrSuggester Dictionary loaded with params: {name=mySuggester, lookupImpl=FuzzyLookupFactory, dictionaryImpl=DocumentDictionaryFactory, field=cat, weightField=price, suggestAnalyzerFieldType=string, buildOnStartup=false}
2023-04-09 11:25:26.692 INFO  (searcherExecutor-13-thread-1-processing-elonsearch_cmts) [ x:elonsearch_cmts] o.a.s.c.QuerySenderListener QuerySenderListener done.
2023-04-09 11:25:26.692 INFO  (searcherExecutor-13-thread-1-processing-elonsearch_cmts) [ x:elonsearch_cmts] o.a.s.h.c.SpellCheckComponent Loading spell index for spellchecker: default
2023-04-09 11:25:26.693 INFO  (searcherExecutor-14-thread-1-processing-elonsearch) [ x:elonsearch] o.a.s.c.QuerySenderListener QuerySenderListener done.
2023-04-09 11:25:26.693 INFO  (searcherExecutor-14-thread-1-processing-elonsearch) [ x:elonsearch] o.a.s.h.c.SpellCheckComponent Loading spell index for spellchecker: default
2023-04-09 11:25:26.697 INFO  (coreLoadExecutor-10-thread-3) [ x:tech_products] o.a.s.h.ReplicationHandler Commits will be reserved for 10000 ms
2023-04-09 11:25:26.701 INFO  (searcherExecutor-13-thread-1-processing-elonsearch_cmts) [ x:elonsearch_cmts] o.a.s.c.SolrCore Registered new searcher autowarm time: 0 ms
2023-04-09 11:25:26.701 INFO  (searcherExecutor-14-thread-1-processing-elonsearch) [ x:elonsearch] o.a.s.c.SolrCore Registered new searcher autowarm time: 0 ms
2023-04-09 11:25:26.770 INFO  (searcherExecutor-16-thread-1-processing-tech_products) [ x:tech_products] o.a.s.c.S.Request webapp=null path=null params={q=static+firstSearcher+warming+in+solrconfig.xml&distrib=false&event=firstSearcher} hits=3 status=0 QTime=67
2023-04-09 11:25:26.782 INFO  (searcherExecutor-16-thread-1-processing-tech_products) [ x:tech_products] o.a.s.c.QuerySenderListener QuerySenderListener done.
2023-04-09 11:25:26.782 INFO  (searcherExecutor-16-thread-1-processing-tech_products) [ x:tech_products] o.a.s.h.c.SpellCheckComponent Loading spell index for spellchecker: default
2023-04-09 11:25:26.782 INFO  (searcherExecutor-16-thread-1-processing-tech_products) [ x:tech_products] o.a.s.h.c.SpellCheckComponent Loading spell index for spellchecker: wordbreak
2023-04-09 11:25:26.785 INFO  (searcherExecutor-16-thread-1-processing-tech_products) [ x:tech_products] o.a.s.c.SolrCore Registered new searcher autowarm time: 0 ms
2023-04-09 11:25:40.295 INFO  (qtp1865201235-28) [] o.a.s.s.HttpSolrCall [admin] webapp=null path=/admin/cores params={indexInfo=false&wt=json&_=1681039540212} status=0 QTime=6
2023-04-09 11:25:40.303 INFO  (qtp1865201235-56) [] o.a.s.s.HttpSolrCall [admin] webapp=null path=/admin/info/system params={wt=json&_=1681039540212} status=0 QTime=15
2023-04-09 11:25:40.304 INFO  (qtp1865201235-57) [] o.a.s.s.HttpSolrCall [admin] webapp=null path=/admin/cores params={wt=json&_=1681039540212} status=0 QTime=17
2023-04-09 11:25:54.077 INFO  (qtp1865201235-31) [ x:elonsearch] o.a.s.c.S.Request webapp=/solr path=/select params={q=text:SpaceX&indent=true&spellcheck=true&start=0&q.op=OR&sort=&rows=10&useParams=} hits=162 status=0 QTime=80
2023-04-09 11:26:09.191 INFO  (qtp1865201235-61) [ x:elonsearch] o.a.s.c.S.Request webapp=/solr path=/select params={q=text:Tesla&indent=true&spellcheck=true&start=0&q.op=OR&sort=&rows=10&useParams=} hits=440 status=0 QTime=23
2023-04-09 11:26:24.689 INFO  (qtp1865201235-59) [ x:elonsearch] o.a.s.c.S.Request webapp=/solr path=/select params={q=text:Twitter&indent=true&spellcheck=true&start=0&q.op=OR&sort=&rows=10&useParams=} hits=1527 status=0 QTime=5
2023-04-09 11:26:35.941 INFO  (qtp1865201235-61) [ x:elonsearch] o.a.s.c.S.Request webapp=/solr path=/select params={q=text:Twitter&indent=true&spellcheck=true&start=0&q.op=OR&sort=date+desc&rows=10&useParams=} hits=1527 status=0 QTime=51
2023-04-09 11:26:55.873 INFO  (qtp1865201235-59) [ x:elonsearch] o.a.s.c.S.Request webapp=/solr path=/select params={q=text:SpaceX&indent=true&spellcheck=true&start=0&q.op=OR&sort=&rows=10&useParams=} hits=162 status=0 QTime=1
2023-04-09 11:27:06.768 INFO  (qtp1865201235-61) [ x:elonsearch] o.a.s.c.S.Request webapp=/solr path=/select params={q=text:twittre&indent=true&spellcheck=true&start=0&q.op=OR&sort=&rows=10&useParams=} hits=0 status=0 QTime=200
2023-04-09 11:27:08.587 INFO  (qtp1865201235-59) [ x:elonsearch] o.a.s.c.S.Request webapp=/solr path=/select params={q=text:twitter&indent=true&spellcheck=true&start=0&q.op=OR&sort=&rows=10&useParams=} hits=1527 status=0 QTime=3
2023-04-09 11:27:30.664 INFO  (qtp1865201235-61) [ x:elonsearch] o.a.s.c.S.Request webapp=/solr path=/select params={q=text:twitter&indent=true&spellcheck=true&start=10&q.op=OR&sort=&rows=10&useParams=} hits=1527 status=0 QTime=2
2023-04-09 11:27:35.621 INFO  (qtp1865201235-59) [ x:elonsearch] o.a.s.c.S.Request webapp=/solr path=/select params={q=text:twitter&indent=true&spellcheck=true&start=0&q.op=OR&sort=&rows=10&useParams=} hits=1527 status=0 QTime=2
2023-04-09 11:27:37.039 INFO  (qtp1865201235-61) [ x:elonsearch] o.a.s.c.S.Request webapp=/solr path=/select params={q=text:twitter&indent=true&spellcheck=true&start=0&q.op=OR&sort=&fq=source:+reddit_cmt&rows=10&useParams=} hits=42 status=0 QTime=34
2023-04-09 11:27:43.808 INFO  (qtp1865201235-68) [ x:elonsearch] o.a.s.c.S.Request webapp=/solr path=/select params={q=text:twitter&indent=true&spellcheck=true&start=0&q.op=OR&sort=&fq=source:+(reddit_cmt+OR+twitter)&rows=10&useParams=} hits=1111 status=0 QTime=16
2023-04-09 11:27:49.894 INFO  (qtp1865201235-59) [ x:elonsearch] o.a.s.c.S.Request webapp=/solr path=/select params={q=text:twitter&indent=true&spellcheck=true&start=10&q.op=OR&sort=date+desc&rows=10&useParams=} hits=1527 status=0 QTime=1
2023-04-09 11:27:59.442 INFO  (qtp1865201235-57) [ x:elonsearch] o.a.s.c.S.Request webapp=/solr path=/select params={q=text:Tesla&indent=true&spellcheck=true&start=0&q.op=OR&sort=&rows=10&useParams=} hits=440 status=0 QTime=1
2023-04-09 11:28:24.772 INFO  (qtp1865201235-59) [ x:elonsearch] o.a.s.c.S.Request webapp=/solr path=/select params={q=text:twitter&indent=true&spellcheck=true&start=0&q.op=OR&sort=&rows=10&useParams=} hits=1527 status=0 QTime=1
2023-04-09 11:28:48.956 INFO  (qtp1865201235-57) [ x:elonsearch] o.a.s.c.S.Request webapp=/solr path=/select params={q=text:blue+tick&indent=true&spellcheck=true&start=0&q.op=OR&sort=&rows=10&useParams=} hits=287 status=0 QTime=6
2023-04-09 11:29:11.904 INFO  (qtp1865201235-59) [ x:elonsearch] o.a.s.c.S.Request webapp=/solr path=/select params={q=text:blue+tick&indent=true&spellcheck=true&start=20&q.op=OR&sort=&rows=10&useParams=} hits=287 status=0 QTime=18
2023-04-09 11:29:38.966 INFO  (qtp1865201235-57) [ x:elonsearch] o.a.s.c.S.Request webapp=/solr path=/select params={q=text:blue+tick&indent=true&spellcheck=true&start=0&q.op=OR&sort=&rows=10&useParams=} hits=287 status=0 QTime=2
2023-04-09 11:29:59.802 INFO  (qtp1865201235-59) [ x:elonsearch] o.a.s.c.S.Request webapp=/solr path=/select params={q=text:Tesla&indent=true&spellcheck=true&start=0&q.op=OR&sort=&rows=10&useParams=} hits=440 status=0 QTime=1
2023-04-09 11:30:10.002 INFO  (qtp1865201235-57) [ x:elonsearch] o.a.s.c.S.Request webapp=/solr path=/select params={q=text:Tesla&indent=true&spellcheck=true&start=0&q.op=OR&sort=&rows=10&useParams=} hits=440 status=0 QTime=2
2023-04-09 11:30:31.148 INFO  (qtp1865201235-59) [ x:elonsearch] o.a.s.c.S.Request webapp=/solr path=/select params={q=text:twittre&indent=true&spellcheck=true&start=0&q.op=OR&sort=&rows=10&useParams=} hits=0 status=0 QTime=20
2023-04-09 11:30:32.651 INFO  (qtp1865201235-57) [ x:elonsearch] o.a.s.c.S.Request webapp=/solr path=/select params={q=text:twitter&indent=true&spellcheck=true&start=0&q.op=OR&sort=&rows=10&useParams=} hits=1527 status=0 QTime=1
2023-04-09 11:30:40.448 INFO  (qtp1865201235-59) [ x:elonsearch] o.a.s.c.S.Request webapp=/solr path=/select params={q=text:twitter&indent=true&spellcheck=true&start=10&q.op=OR&sort=&rows=10&useParams=} hits=1527 status=0 QTime=1
2023-04-09 11:30:49.765 INFO  (qtp1865201235-57) [ x:elonsearch] o.a.s.c.S.Request webapp=/solr path=/select params={q=text:Starlink&indent=true&spellcheck=true&start=0&q.op=OR&sort=&rows=10&useParams=} hits=57 status=0 QTime=2
2023-04-09 11:30:52.024 INFO  (qtp1865201235-59) [ x:elonsearch] o.a.s.c.S.Request webapp=/solr path=/select params={q=text:Tesla&indent=true&spellcheck=true&start=0&q.op=OR&sort=&rows=10&useParams=} hits=440 status=0 QTime=2
2023-04-09 11:30:55.476 INFO  (qtp1865201235-57) [ x:elonsearch] o.a.s.c.S.Request webapp=/solr path=/select params={q=text:Tesla&indent=true&spellcheck=true&start=10&q.op=OR&sort=date+desc&rows=10&useParams=} hits=440 status=0 QTime=3
2023-04-09 11:31:04.707 INFO  (qtp1865201235-59) [ x:elonsearch] o.a.s.c.S.Request webapp=/solr path=/select params={q=text:Tesla&indent=true&spellcheck=true&start=0&q.op=OR&sort=&rows=10&useParams=} hits=440 status=0 QTime=1
2023-04-09 11:31:06.204 INFO  (qtp1865201235-57) [ x:elonsearch] o.a.s.c.S.Request webapp=/solr path=/select params={q=text:Tesla&indent=true&spellcheck=true&start=0&q.op=OR&sort=&rows=10&useParams=} hits=440 status=0 QTime=1
2023-04-09 11:31:06.883 INFO  (qtp1865201235-59) [ x:elonsearch] o.a.s.c.S.Request webapp=/solr path=/select params={q=text:Tesla&indent=true&spellcheck=true&start=0&q.op=OR&sort=&rows=10&useParams=} hits=440 status=0 QTime=1
2023-04-09 11:31:13.004 INFO  (qtp1865201235-57) [ x:elonsearch] o.a.s.c.S.Request webapp=/solr path=/select params={q=text:Tesla&indent=true&spellcheck=true&start=0&q.op=OR&sort=&rows=10&useParams=} hits=440 status=0 QTime=1
2023-04-09 11:31:24.462 INFO  (qtp1865201235-59) [ x:elonsearch] o.a.s.c.S.Request webapp=/solr path=/select params={q=text:twittre&indent=true&spellcheck=true&start=0&q.op=OR&sort=&rows=10&useParams=} hits=0 status=0 QTime=19
2023-04-09 11:31:26.539 INFO  (qtp1865201235-57) [ x:elonsearch] o.a.s.c.S.Request webapp=/solr path=/select params={q=text:twitter&indent=true&spellcheck=true&start=0&q.op=OR&sort=&rows=10&useParams=} hits=1527 status=0 QTime=1
2023-04-09 11:31:46.807 INFO  (qtp1865201235-59) [ x:elonsearch] o.a.s.c.S.Request webapp=/solr path=/select params={q=text:SpaceX&indent=true&spellcheck=true&start=0&q.op=OR&sort=&rows=10&useParams=} hits=162 status=0 QTime=1
2023-04-09 11:31:49.325 INFO  (qtp1865201235-57) [ x:elonsearch] o.a.s.c.S.Request webapp=/solr path=/select params={q=text:Tesla&indent=true&spellcheck=true&start=0&q.op=OR&sort=&rows=10&useParams=} hits=440 status=0 QTime=1
2023-04-09 11:31:51.481 INFO  (qtp1865201235-59) [ x:elonsearch] o.a.s.c.S.Request webapp=/solr path=/select params={q=text:Starlink&indent=true&spellcheck=true&start=0&q.op=OR&sort=&rows=10&useParams=} hits=57 status=0 QTime=1
2023-04-09 11:31:54.497 INFO  (qtp1865201235-57) [ x:elonsearch] o.a.s.c.S.Request webapp=/solr path=/select params={q=text:Tesla&indent=true&spellcheck=true&start=0&q.op=OR&sort=&rows=10&useParams=} hits=440 status=0 QTime=1
2023-04-09 11:31:58.684 INFO  (qtp1865201235-59) [ x:elonsearch] o.a.s.c.S.Request webapp=/solr path=/select params={q=text:blue+tick&indent=true&spellcheck=true&start=0&q.op=OR&sort=&rows=10&useParams=} hits=287 status=0 QTime=1
2023-04-09 11:32:02.596 INFO  (qtp1865201235-57) [ x:elonsearch] o.a.s.c.S.Request webapp=/solr path=/select params={q=text:blue+tick&indent=true&spellcheck=true&start=10&q.op=OR&sort=&rows=10&useParams=} hits=287 status=0 QTime=2
2023-04-09 11:32:06.059 INFO  (qtp1865201235-59) [ x:elonsearch] o.a.s.c.S.Request webapp=/solr path=/select params={q=text:blue+tick&indent=true&spellcheck=true&start=0&q.op=OR&sort=&rows=10&useParams=} hits=287 status=0 QTime=2
2023-04-09 11:32:09.098 INFO  (qtp1865201235-57) [ x:elonsearch] o.a.s.c.S.Request webapp=/solr path=/select params={q=text:blue+tick&indent=true&spellcheck=true&start=0&q.op=OR&sort=&rows=10&useParams=} hits=287 status=0 QTime=1
2023-04-09 11:32:09.892 INFO  (qtp1865201235-59) [ x:elonsearch] o.a.s.c.S.Request webapp=/solr path=/select params={q=text:blue+tick&indent=true&spellcheck=true&start=0&q.op=OR&sort=&fq=source:+reddit_sub&rows=10&useParams=} hits=30 status=0 QTime=24
2023-04-09 11:32:11.157 INFO  (qtp1865201235-57) [ x:elonsearch] o.a.s.c.S.Request webapp=/solr path=/select params={q=text:blue+tick&indent=true&spellcheck=true&start=0&q.op=OR&sort=&fq=source:+(reddit_sub+OR+reddit_cmt)&rows=10&useParams=} hits=32 status=0 QTime=5
2023-04-09 11:32:13.336 INFO  (qtp1865201235-59) [ x:elonsearch] o.a.s.c.S.Request webapp=/solr path=/select params={q=text:blue+tick&indent=true&spellcheck=true&start=0&q.op=OR&sort=&fq=source:+reddit_sub&rows=10&useParams=} hits=30 status=0 QTime=1
2023-04-09 11:32:14.015 INFO  (qtp1865201235-57) [ x:elonsearch] o.a.s.c.S.Request webapp=/solr path=/select params={q=text:blue+tick&indent=true&spellcheck=true&start=0&q.op=OR&sort=&fq=source:+(reddit_sub+OR+twitter)&rows=10&useParams=} hits=285 status=0 QTime=4
2023-04-09 11:32:15.099 INFO  (qtp1865201235-59) [ x:elonsearch] o.a.s.c.S.Request webapp=/solr path=/select params={q=text:blue+tick&indent=true&spellcheck=true&start=0&q.op=OR&sort=&fq=source:+reddit_sub&rows=10&useParams=} hits=30 status=0 QTime=3
2023-04-09 11:32:31.615 INFO  (qtp1865201235-57) [ x:elonsearch] o.a.s.c.S.Request webapp=/solr path=/select params={q=text:Starlink&indent=true&spellcheck=true&start=0&q.op=OR&sort=&rows=10&useParams=} hits=57 status=0 QTime=1
2023-04-09 11:32:45.745 INFO  (qtp1865201235-59) [ x:elonsearch] o.a.s.c.S.Request webapp=/solr path=/select params={q=text:blue+tick&indent=true&spellcheck=true&start=0&q.op=OR&sort=&rows=10&useParams=} hits=287 status=0 QTime=1
2023-04-09 11:33:32.776 INFO  (qtp1865201235-57) [ x:elonsearch] o.a.s.c.S.Request webapp=/solr path=/select params={q=text:SpaceX&indent=true&spellcheck=true&start=0&q.op=OR&sort=&rows=10&useParams=} hits=162 status=0 QTime=0
2023-04-09 11:33:44.106 INFO  (qtp1865201235-59) [ x:elonsearch] o.a.s.c.S.Request webapp=/solr path=/select params={q=text:layoffs&indent=true&spellcheck=true&start=0&q.op=OR&sort=&rows=10&useParams=} hits=12 status=0 QTime=2
2023-04-09 11:34:06.721 INFO  (qtp1865201235-57) [ x:elonsearch] o.a.s.c.S.Request webapp=/solr path=/select params={q=text:twittre&indent=true&spellcheck=true&start=0&q.op=OR&sort=&rows=10&useParams=} hits=0 status=0 QTime=15
2023-04-09 11:34:08.204 INFO  (qtp1865201235-59) [ x:elonsearch] o.a.s.c.S.Request webapp=/solr path=/select params={q=text:twitter&indent=true&spellcheck=true&start=0&q.op=OR&sort=&rows=10&useParams=} hits=1527 status=0 QTime=1
2023-04-09 11:34:19.468 INFO  (qtp1865201235-57) [ x:elonsearch] o.a.s.c.S.Request webapp=/solr path=/select params={q=text:Tesla&indent=true&spellcheck=true&start=0&q.op=OR&sort=&rows=10&useParams=} hits=440 status=0 QTime=1
2023-04-09 11:34:25.293 INFO  (qtp1865201235-59) [ x:elonsearch] o.a.s.c.S.Request webapp=/solr path=/select params={q=text:SpaceX&indent=true&spellcheck=true&start=0&q.op=OR&sort=&rows=10&useParams=} hits=162 status=0 QTime=0
2023-04-09 11:34:28.406 INFO  (qtp1865201235-57) [ x:elonsearch] o.a.s.c.S.Request webapp=/solr path=/select params={q=text:SpaceX&indent=true&spellcheck=true&start=0&q.op=OR&sort=date+desc&rows=10&useParams=} hits=162 status=0 QTime=2
2023-04-09 11:34:34.666 INFO  (qtp1865201235-59) [ x:elonsearch] o.a.s.c.S.Request webapp=/solr path=/select params={q=text:SpaceX&indent=true&spellcheck=true&start=0&q.op=OR&sort=&rows=10&useParams=} hits=162 status=0 QTime=2
2023-04-09 11:34:35.382 INFO  (qtp1865201235-57) [ x:elonsearch] o.a.s.c.S.Request webapp=/solr path=/select params={q=text:SpaceX&indent=true&spellcheck=true&start=0&q.op=OR&sort=&fq=source:+reddit_sub&rows=10&useParams=} hits=65 status=0 QTime=2
2023-04-09 11:34:36.570 INFO  (qtp1865201235-59) [ x:elonsearch] o.a.s.c.S.Request webapp=/solr path=/select params={q=text:SpaceX&indent=true&spellcheck=true&start=0&q.op=OR&sort=&fq=source:+(reddit_sub+OR+twitter)&rows=10&useParams=} hits=158 status=0 QTime=4
2023-04-09 11:34:46.740 INFO  (qtp1865201235-57) [ x:elonsearch] o.a.s.c.S.Request webapp=/solr path=/select params={q=text:Tesla&indent=true&spellcheck=true&start=0&q.op=OR&sort=&rows=10&useParams=} hits=440 status=0 QTime=0
2023-04-09 11:35:03.310 INFO  (qtp1865201235-59) [ x:elonsearch] o.a.s.c.S.Request webapp=/solr path=/select params={q=text:twittre&indent=true&spellcheck=true&start=0&q.op=OR&sort=&rows=10&useParams=} hits=0 status=0 QTime=11
2023-04-09 11:35:05.273 INFO  (qtp1865201235-57) [ x:elonsearch] o.a.s.c.S.Request webapp=/solr path=/select params={q=text:twitter&indent=true&spellcheck=true&start=0&q.op=OR&sort=&rows=10&useParams=} hits=1527 status=0 QTime=1
2023-04-09 11:35:26.336 INFO  (qtp1865201235-59) [ x:elonsearch] o.a.s.c.S.Request webapp=/solr path=/select params={q=text:twitter&indent=true&spellcheck=true&start=0&q.op=OR&sort=date+desc&rows=10&useParams=} hits=1527 status=0 QTime=1
2023-04-09 11:35:33.799 INFO  (qtp1865201235-57) [ x:elonsearch] o.a.s.c.S.Request webapp=/solr path=/select params={q=text:twitter&indent=true&spellcheck=true&start=0&q.op=OR&sort=&fq=source:+twitter&rows=10&useParams=} hits=1069 status=0 QTime=3
2023-04-09 11:35:35.929 INFO  (qtp1865201235-59) [ x:elonsearch] o.a.s.c.S.Request webapp=/solr path=/select params={q=text:twitter&indent=true&spellcheck=true&start=0&q.op=OR&sort=&fq=source:+(twitter+OR+reddit_sub)&rows=10&useParams=} hits=1485 status=0 QTime=2
2023-04-09 11:35:42.156 INFO  (qtp1865201235-57) [ x:elonsearch] o.a.s.c.S.Request webapp=/solr path=/select params={q=text:twitter&indent=true&spellcheck=true&start=0&q.op=OR&sort=&rows=10&useParams=} hits=1527 status=0 QTime=0
2023-04-09 11:35:53.913 INFO  (qtp1865201235-59) [ x:elonsearch] o.a.s.c.S.Request webapp=/solr path=/select params={q=text:twittre&indent=true&spellcheck=true&start=0&q.op=OR&sort=&rows=10&useParams=} hits=0 status=0 QTime=9
2023-04-09 11:35:55.215 INFO  (qtp1865201235-57) [ x:elonsearch] o.a.s.c.S.Request webapp=/solr path=/select params={q=text:twitter&indent=true&spellcheck=true&start=0&q.op=OR&sort=&rows=10&useParams=} hits=1527 status=0 QTime=2
2023-04-09 11:36:03.417 INFO  (qtp1865201235-59) [ x:elonsearch] o.a.s.c.S.Request webapp=/solr path=/select params={q=text:twitter&indent=true&spellcheck=true&start=10&q.op=OR&sort=&rows=10&useParams=} hits=1527 status=0 QTime=1
2023-04-09 11:36:13.792 INFO  (qtp1865201235-57) [ x:elonsearch] o.a.s.c.S.Request webapp=/solr path=/select params={q=text:twitter&indent=true&spellcheck=true&start=0&q.op=OR&sort=&rows=10&useParams=} hits=1527 status=0 QTime=1
2023-04-09 11:36:14.701 INFO  (qtp1865201235-59) [ x:elonsearch] o.a.s.c.S.Request webapp=/solr path=/select params={q=text:twitter&indent=true&spellcheck=true&start=0&q.op=OR&sort=&fq=source:+twitter&rows=10&useParams=} hits=1069 status=0 QTime=1
2023-04-09 11:36:20.406 INFO  (qtp1865201235-57) [ x:elonsearch] o.a.s.c.S.Request webapp=/solr path=/select params={q=text:twitter&indent=true&spellcheck=true&start=10&q.op=OR&sort=date+desc&rows=10&useParams=} hits=1527 status=0 QTime=0
2023-04-09 11:36:25.721 INFO  (qtp1865201235-59) [ x:elonsearch] o.a.s.c.S.Request webapp=/solr path=/select params={q=text:Tesla&indent=true&spellcheck=true&start=0&q.op=OR&sort=&rows=10&useParams=} hits=440 status=0 QTime=1
2023-04-09 11:36:28.549 INFO  (qtp1865201235-57) [ x:elonsearch] o.a.s.c.S.Request webapp=/solr path=/select params={q=text:Starlink&indent=true&spellcheck=true&start=0&q.op=OR&sort=&rows=10&useParams=} hits=57 status=0 QTime=1
2023-04-09 11:36:36.078 INFO  (qtp1865201235-59) [ x:elonsearch] o.a.s.c.S.Request webapp=/solr path=/select params={q=text:layoffs&indent=true&spellcheck=true&start=0&q.op=OR&sort=&rows=10&useParams=} hits=12 status=0 QTime=0
2023-04-09 11:37:25.422 INFO  (qtp1865201235-57) [ x:elonsearch] o.a.s.c.S.Request webapp=/solr path=/select params={q=text:layoffs&indent=true&spellcheck=true&start=0&q.op=OR&sort=&rows=10&useParams=} hits=12 status=0 QTime=13
2023-04-09 11:37:27.418 INFO  (qtp1865201235-59) [ x:elonsearch] o.a.s.c.S.Request webapp=/solr path=/select params={q=text:layoffs&indent=true&spellcheck=true&start=0&q.op=OR&sort=&rows=10&useParams=} hits=12 status=0 QTime=1
2023-04-09 11:37:44.175 INFO  (qtp1865201235-57) [ x:elonsearch] o.a.s.c.S.Request webapp=/solr path=/select params={q=text:twittre&indent=true&spellcheck=true&start=0&q.op=OR&sort=&rows=10&useParams=} hits=0 status=0 QTime=23
2023-04-09 11:37:45.838 INFO  (qtp1865201235-59) [ x:elonsearch] o.a.s.c.S.Request webapp=/solr path=/select params={q=text:twitter&indent=true&spellcheck=true&start=0&q.op=OR&sort=&rows=10&useParams=} hits=1527 status=0 QTime=2
2023-04-09 11:37:54.937 INFO  (qtp1865201235-57) [ x:elonsearch] o.a.s.c.S.Request webapp=/solr path=/select params={q=text:twitter&indent=true&spellcheck=true&start=10&q.op=OR&sort=&rows=10&useParams=} hits=1527 status=0 QTime=1
2023-04-09 11:38:02.154 INFO  (qtp1865201235-59) [ x:elonsearch] o.a.s.c.S.Request webapp=/solr path=/select params={q=text:Tesla&indent=true&spellcheck=true&start=0&q.op=OR&sort=&rows=10&useParams=} hits=440 status=0 QTime=1
2023-04-09 11:38:05.879 INFO  (qtp1865201235-57) [ x:elonsearch] o.a.s.c.S.Request webapp=/solr path=/select params={q=text:Tesla&indent=true&spellcheck=true&start=10&q.op=OR&sort=date+desc&rows=10&useParams=} hits=440 status=0 QTime=0
2023-04-09 11:38:11.527 INFO  (qtp1865201235-59) [ x:elonsearch] o.a.s.c.S.Request webapp=/solr path=/select params={q=text:Tesla&indent=true&spellcheck=true&start=10&q.op=OR&sort=like_count+desc&rows=10&useParams=} hits=440 status=0 QTime=79
2023-04-09 11:38:16.947 INFO  (qtp1865201235-57) [ x:elonsearch] o.a.s.c.S.Request webapp=/solr path=/select params={q=text:Tesla&indent=true&spellcheck=true&start=0&q.op=OR&sort=&rows=10&useParams=} hits=440 status=0 QTime=1
2023-04-09 11:38:17.934 INFO  (qtp1865201235-59) [ x:elonsearch] o.a.s.c.S.Request webapp=/solr path=/select params={q=text:Tesla&indent=true&spellcheck=true&start=0&q.op=OR&sort=&fq=source:+reddit_sub&rows=10&useParams=} hits=139 status=0 QTime=5
2023-04-09 11:38:30.420 INFO  (qtp1865201235-57) [ x:elonsearch] o.a.s.c.S.Request webapp=/solr path=/select params={q=text:layoffs&indent=true&spellcheck=true&start=0&q.op=OR&sort=&rows=10&useParams=} hits=12 status=0 QTime=1
2023-04-09 11:39:31.505 INFO  (qtp1865201235-24) [ x:elonsearch] o.a.s.c.S.Request webapp=/solr path=/select params={q=text:Starlink&indent=true&spellcheck=true&start=0&q.op=OR&sort=&rows=10&useParams=} hits=57 status=0 QTime=12
2023-04-09 11:39:34.200 INFO  (qtp1865201235-59) [ x:elonsearch] o.a.s.c.S.Request webapp=/solr path=/select params={q=text:Starlink&indent=true&spellcheck=true&start=0&q.op=OR&sort=&rows=10&useParams=} hits=57 status=0 QTime=0
2023-04-09 11:39:36.406 INFO  (qtp1865201235-74) [ x:elonsearch] o.a.s.c.S.Request webapp=/solr path=/select params={q=text:Starlink&indent=true&spellcheck=true&start=0&q.op=OR&sort=&rows=10&useParams=} hits=57 status=0 QTime=1
2023-04-09 11:39:37.369 INFO  (qtp1865201235-59) [ x:elonsearch] o.a.s.c.S.Request webapp=/solr path=/select params={q=text:Starlink&indent=true&spellcheck=true&start=0&q.op=OR&sort=&rows=10&useParams=} hits=57 status=0 QTime=1
2023-04-09 11:39:47.687 INFO  (qtp1865201235-74) [ x:elonsearch] o.a.s.c.S.Request webapp=/solr path=/select params={q=text:twittre&indent=true&spellcheck=true&start=0&q.op=OR&sort=&rows=10&useParams=} hits=0 status=0 QTime=27
2023-04-09 11:39:49.229 INFO  (qtp1865201235-59) [ x:elonsearch] o.a.s.c.S.Request webapp=/solr path=/select params={q=text:twitter&indent=true&spellcheck=true&start=0&q.op=OR&sort=&rows=10&useParams=} hits=1527 status=0 QTime=1
2023-04-09 11:39:52.463 INFO  (qtp1865201235-74) [ x:elonsearch] o.a.s.c.S.Request webapp=/solr path=/select params={q=text:SpaceX&indent=true&spellcheck=true&start=0&q.op=OR&sort=&rows=10&useParams=} hits=162 status=0 QTime=2
2023-04-09 11:40:06.098 INFO  (qtp1865201235-59) [ x:elonsearch] o.a.s.c.S.Request webapp=/solr path=/select params={q=text:Twitter&indent=true&spellcheck=true&start=0&q.op=OR&sort=&rows=10&useParams=} hits=1527 status=0 QTime=1
2023-04-09 11:40:29.954 INFO  (qtp1865201235-74) [ x:elonsearch] o.a.s.c.S.Request webapp=/solr path=/select params={q=text:twittre&indent=true&spellcheck=true&start=0&q.op=OR&sort=&rows=10&useParams=} hits=0 status=0 QTime=8
2023-04-09 11:40:31.869 INFO  (qtp1865201235-59) [ x:elonsearch] o.a.s.c.S.Request webapp=/solr path=/select params={q=text:twitter&indent=true&spellcheck=true&start=0&q.op=OR&sort=&rows=10&useParams=} hits=1527 status=0 QTime=1
2023-04-09 11:40:53.229 INFO  (qtp1865201235-74) [ x:elonsearch] o.a.s.c.S.Request webapp=/solr path=/select params={q=text:twittree&indent=true&spellcheck=true&start=0&q.op=OR&sort=&rows=10&useParams=} hits=0 status=0 QTime=11
2023-04-09 11:41:07.631 INFO  (qtp1865201235-59) [ x:elonsearch] o.a.s.c.S.Request webapp=/solr path=/select params={q=text:twittre&indent=true&spellcheck=true&start=0&q.op=OR&sort=&rows=10&useParams=} hits=0 status=0 QTime=16
2023-04-09 11:41:21.962 INFO  (qtp1865201235-74) [ x:elonsearch] o.a.s.c.S.Request webapp=/solr path=/select params={q=text:twittre&indent=true&spellcheck=true&start=0&q.op=OR&sort=&rows=10&useParams=} hits=0 status=0 QTime=11
2023-04-09 11:41:23.410 INFO  (qtp1865201235-59) [ x:elonsearch] o.a.s.c.S.Request webapp=/solr path=/select params={q=text:twitter&indent=true&spellcheck=true&start=0&q.op=OR&sort=&rows=10&useParams=} hits=1527 status=0 QTime=1
2023-04-09 11:41:31.743 INFO  (qtp1865201235-74) [ x:elonsearch] o.a.s.c.S.Request webapp=/solr path=/select params={q=text:twitter&indent=true&spellcheck=true&start=10&q.op=OR&sort=&rows=10&useParams=} hits=1527 status=0 QTime=2
2023-04-09 11:41:46.749 INFO  (qtp1865201235-59) [ x:elonsearch] o.a.s.c.S.Request webapp=/solr path=/select params={q=text:twitter&indent=true&spellcheck=true&start=10&q.op=OR&sort=date+desc&rows=10&useParams=} hits=1527 status=0 QTime=1
2023-04-09 11:41:50.878 INFO  (qtp1865201235-74) [ x:elonsearch] o.a.s.c.S.Request webapp=/solr path=/select params={q=text:twitter&indent=true&spellcheck=true&start=10&q.op=OR&sort=retweet_count+desc&rows=10&useParams=} hits=1527 status=0 QTime=8
2023-04-09 11:41:56.436 INFO  (qtp1865201235-59) [ x:elonsearch] o.a.s.c.S.Request webapp=/solr path=/select params={q=text:twitter&indent=true&spellcheck=true&start=0&q.op=OR&sort=&rows=10&useParams=} hits=1527 status=0 QTime=1
2023-04-09 11:41:57.402 INFO  (qtp1865201235-74) [ x:elonsearch] o.a.s.c.S.Request webapp=/solr path=/select params={q=text:twitter&indent=true&spellcheck=true&start=0&q.op=OR&sort=&fq=source:+reddit_sub&rows=10&useParams=} hits=416 status=0 QTime=3
2023-04-09 11:42:04.595 INFO  (qtp1865201235-59) [ x:elonsearch] o.a.s.c.S.Request webapp=/solr path=/select params={q=text:Starlink&indent=true&spellcheck=true&start=0&q.op=OR&sort=&rows=10&useParams=} hits=57 status=0 QTime=1
2023-04-09 11:42:06.662 INFO  (qtp1865201235-74) [ x:elonsearch] o.a.s.c.S.Request webapp=/solr path=/select params={q=text:Tesla&indent=true&spellcheck=true&start=0&q.op=OR&sort=&rows=10&useParams=} hits=440 status=0 QTime=1
2023-04-09 11:48:38.294 INFO  (qtp1865201235-65) [ x:elonsearch] o.a.s.c.S.Request webapp=/solr path=/select params={q=text:Twitter&indent=true&spellcheck=true&start=0&q.op=OR&sort=&rows=10&useParams=} hits=1527 status=0 QTime=14
2023-04-09 11:48:46.219 INFO  (qtp1865201235-61) [ x:elonsearch] o.a.s.c.S.Request webapp=/solr path=/select params={q=text:Twitter&indent=true&spellcheck=true&start=0&q.op=OR&sort=&rows=10&useParams=} hits=1527 status=0 QTime=1
2023-04-09 11:48:47.618 INFO  (qtp1865201235-74) [ x:elonsearch] o.a.s.c.S.Request webapp=/solr path=/select params={q=text:Twitter&indent=true&spellcheck=true&start=10&q.op=OR&sort=date+desc&rows=10&useParams=} hits=1527 status=0 QTime=1
2023-04-09 11:48:50.001 INFO  (qtp1865201235-61) [ x:elonsearch] o.a.s.c.S.Request webapp=/solr path=/select params={q=text:Twitter&indent=true&spellcheck=true&start=10&q.op=OR&sort=like_count+desc&rows=10&useParams=} hits=1527 status=0 QTime=8
2023-04-09 11:48:55.622 INFO  (qtp1865201235-74) [ x:elonsearch] o.a.s.c.S.Request webapp=/solr path=/select params={q=text:Twitter&indent=true&spellcheck=true&start=10&q.op=OR&sort=retweet_count+desc&rows=10&useParams=} hits=1527 status=0 QTime=0
2023-04-09 11:48:59.393 INFO  (qtp1865201235-61) [ x:elonsearch] o.a.s.c.S.Request webapp=/solr path=/select params={q=text:Twitter,+source:+reddit_sub&indent=true&spellcheck=true&start=10&q.op=AND&sort=num_comments+desc&rows=10&useParams=} hits=416 status=0 QTime=20
2023-04-09 11:49:11.101 INFO  (qtp1865201235-74) [ x:elonsearch] o.a.s.c.S.Request webapp=/solr path=/select params={q=text:elon+musk&indent=true&spellcheck=true&start=0&q.op=OR&sort=&rows=10&useParams=} hits=2168 status=0 QTime=3
2023-04-09 11:49:18.269 INFO  (qtp1865201235-61) [ x:elonsearch] o.a.s.c.S.Request webapp=/solr path=/select params={q=text:is+elon+musk+firing+people&indent=true&spellcheck=true&start=0&q.op=OR&sort=&rows=10&useParams=} hits=2750 status=0 QTime=4
2023-04-09 11:49:37.342 INFO  (qtp1865201235-74) [ x:elonsearch] o.a.s.c.S.Request webapp=/solr path=/select params={q=text:twitter+layoffs&indent=true&spellcheck=true&start=0&q.op=OR&sort=&rows=10&useParams=} hits=1527 status=0 QTime=1
2023-04-09 11:49:50.298 INFO  (qtp1865201235-61) [ x:elonsearch] o.a.s.c.S.Request webapp=/solr path=/select params={q=text:+layoffs&indent=true&spellcheck=true&start=0&q.op=OR&sort=&rows=10&useParams=} hits=12 status=0 QTime=0
2023-04-09 11:49:58.887 INFO  (qtp1865201235-74) [ x:elonsearch] o.a.s.c.S.Request webapp=/solr path=/select params={q=text:Tesla&indent=true&spellcheck=true&start=0&q.op=OR&sort=&rows=10&useParams=} hits=440 status=0 QTime=0
2023-04-09 11:50:00.647 INFO  (qtp1865201235-61) [ x:elonsearch] o.a.s.c.S.Request webapp=/solr path=/select params={q=text:SpaceX&indent=true&spellcheck=true&start=0&q.op=OR&sort=&rows=10&useParams=} hits=162 status=0 QTime=0
2023-04-09 11:50:02.051 INFO  (qtp1865201235-74) [ x:elonsearch] o.a.s.c.S.Request webapp=/solr path=/select params={q=text:Twitter&indent=true&spellcheck=true&start=0&q.op=OR&sort=&rows=10&useParams=} hits=1527 status=0 QTime=2
2023-04-09 11:50:03.684 INFO  (qtp1865201235-61) [ x:elonsearch] o.a.s.c.S.Request webapp=/solr path=/select params={q=text:Starlink&indent=true&spellcheck=true&start=0&q.op=OR&sort=&rows=10&useParams=} hits=57 status=0 QTime=0
2023-04-09 12:18:01.790 INFO  (qtp1865201235-76) [ x:elonsearch] o.a.s.c.S.Request webapp=/solr path=/select params={q=text:Starlink&indent=true&spellcheck=true&start=10&q.op=OR&sort=&rows=10&useParams=} hits=57 status=0 QTime=14
2023-04-09 12:18:03.479 INFO  (qtp1865201235-56) [ x:elonsearch] o.a.s.c.S.Request webapp=/solr path=/select params={q=text:Starlink&indent=true&spellcheck=true&start=0&q.op=OR&sort=&rows=10&useParams=} hits=57 status=0 QTime=1
2023-04-09 12:18:05.259 INFO  (qtp1865201235-75) [ x:elonsearch] o.a.s.c.S.Request webapp=/solr path=/select params={q=text:SpaceX&indent=true&spellcheck=true&start=0&q.op=OR&sort=&rows=10&useParams=} hits=162 status=0 QTime=1
2023-04-09 12:18:06.186 INFO  (qtp1865201235-56) [ x:elonsearch] o.a.s.c.S.Request webapp=/solr path=/select params={q=text:SpaceX&indent=true&spellcheck=true&start=0&q.op=OR&sort=&rows=10&useParams=} hits=162 status=0 QTime=1
2023-04-09 12:18:06.648 INFO  (qtp1865201235-75) [ x:elonsearch] o.a.s.c.S.Request webapp=/solr path=/select params={q=text:Tesla&indent=true&spellcheck=true&start=0&q.op=OR&sort=&rows=10&useParams=} hits=440 status=0 QTime=1
2023-04-09 12:18:08.070 INFO  (qtp1865201235-56) [ x:elonsearch] o.a.s.c.S.Request webapp=/solr path=/select params={q=text:Twitter&indent=true&spellcheck=true&start=0&q.op=OR&sort=&rows=10&useParams=} hits=1527 status=0 QTime=1
2023-04-09 12:22:41.808 INFO  (qtp1865201235-56) [ x:elonsearch] o.a.s.c.S.Request webapp=/solr path=/select params={q=text:Tesla&indent=true&spellcheck=true&start=0&q.op=OR&sort=&rows=10&useParams=} hits=440 status=0 QTime=0
2023-04-09 12:22:46.543 INFO  (qtp1865201235-28) [ x:elonsearch] o.a.s.c.S.Request webapp=/solr path=/select params={q=text:SpaceX&indent=true&spellcheck=true&start=0&q.op=OR&sort=&rows=10&useParams=} hits=162 status=0 QTime=1
2023-04-09 12:22:48.729 INFO  (qtp1865201235-77) [ x:elonsearch] o.a.s.c.S.Request webapp=/solr path=/select params={q=text:Twitter&indent=true&spellcheck=true&start=0&q.op=OR&sort=&rows=10&useParams=} hits=1527 status=0 QTime=1
2023-04-09 12:22:49.460 INFO  (qtp1865201235-28) [ x:elonsearch] o.a.s.c.S.Request webapp=/solr path=/select params={q=text:Tesla&indent=true&spellcheck=true&start=0&q.op=OR&sort=&rows=10&useParams=} hits=440 status=0 QTime=1
2023-04-09 12:25:20.372 INFO  (qtp1865201235-60) [ x:elonsearch] o.a.s.c.S.Request webapp=/solr path=/select params={q=text:Tesla&indent=true&spellcheck=true&start=0&q.op=OR&sort=like_count+desc&rows=10&useParams=} hits=440 status=0 QTime=2
2023-04-09 12:25:46.150 INFO  (qtp1865201235-28) [ x:elonsearch] o.a.s.c.S.Request webapp=/solr path=/select params={q=text:Tesla,+source:+reddit_sub&indent=true&spellcheck=true&start=0&q.op=AND&sort=num_comments+desc&rows=10&useParams=} hits=139 status=0 QTime=9
2023-04-09 12:26:35.482 INFO  (qtp1865201235-60) [ x:elonsearch] o.a.s.c.S.Request webapp=/solr path=/select params={q=text:Tesla&indent=true&spellcheck=true&start=0&q.op=OR&sort=&rows=10&useParams=} hits=440 status=0 QTime=0
2023-04-09 12:26:43.549 INFO  (qtp1865201235-28) [ x:elonsearch] o.a.s.c.S.Request webapp=/solr path=/select params={q=text:Tesla&indent=true&spellcheck=true&start=0&q.op=OR&sort=&rows=10&useParams=} hits=440 status=0 QTime=1
2023-04-09 12:26:44.385 INFO  (qtp1865201235-60) [ x:elonsearch] o.a.s.c.S.Request webapp=/solr path=/select params={q=text:Tesla&indent=true&spellcheck=true&start=0&q.op=OR&sort=&fq=source:+reddit_cmt&rows=10&useParams=} hits=11 status=0 QTime=4
2023-04-09 12:53:27.673 INFO  (qtp1865201235-84) [ x:elonsearch] o.a.s.c.S.Request webapp=/solr path=/select params={q=text:Twitter&indent=true&spellcheck=true&start=0&q.op=OR&sort=&rows=10&useParams=} hits=1527 status=0 QTime=5
2023-04-09 12:54:57.730 INFO  (qtp1865201235-26) [ x:elonsearch] o.a.s.c.S.Request webapp=/solr path=/select params={q=text:Twitter&indent=true&spellcheck=true&start=0&q.op=OR&sort=&rows=10&useParams=} hits=1527 status=0 QTime=2
2023-04-09 12:59:06.546 INFO  (qtp1865201235-27) [ x:elonsearch] o.a.s.c.S.Request webapp=/solr path=/select params={q=text:layoffs&indent=true&spellcheck=true&start=0&q.op=OR&sort=&rows=10&useParams=} hits=12 status=0 QTime=1
2023-04-09 12:59:25.101 INFO  (qtp1865201235-26) [ x:elonsearch] o.a.s.c.S.Request webapp=/solr path=/select params={q=text:layoffs&indent=true&spellcheck=true&start=10&q.op=OR&sort=&rows=10&useParams=} hits=12 status=0 QTime=0
2023-04-09 12:59:34.678 INFO  (qtp1865201235-27) [ x:elonsearch] o.a.s.c.S.Request webapp=/solr path=/select params={q=text:layoffs&indent=true&spellcheck=true&start=0&q.op=OR&sort=&rows=10&useParams=} hits=12 status=0 QTime=0
2023-04-09 13:23:16.651 INFO  (qtp1865201235-88) [ x:elonsearch] o.a.s.c.S.Request webapp=/solr path=/select params={q=text:SpaceX&indent=true&spellcheck=true&start=0&q.op=OR&sort=&rows=10&useParams=} hits=162 status=0 QTime=11
2023-04-09 13:23:18.024 INFO  (qtp1865201235-57) [ x:elonsearch] o.a.s.c.S.Request webapp=/solr path=/select params={q=text:Tesla&indent=true&spellcheck=true&start=0&q.op=OR&sort=&rows=10&useParams=} hits=440 status=0 QTime=1
2023-04-09 13:23:19.827 INFO  (qtp1865201235-87) [ x:elonsearch] o.a.s.c.S.Request webapp=/solr path=/select params={q=text:Twitter&indent=true&spellcheck=true&start=0&q.op=OR&sort=&rows=10&useParams=} hits=1527 status=0 QTime=0
2023-04-09 13:23:26.159 INFO  (qtp1865201235-57) [ x:elonsearch] o.a.s.c.S.Request webapp=/solr path=/select params={q=text:layoffs&indent=true&spellcheck=true&start=0&q.op=OR&sort=&rows=10&useParams=} hits=12 status=0 QTime=1
